[debug] [2024-01-01T22:13:37.697Z] ----------------------------------------------------------------------
[debug] [2024-01-01T22:13:37.700Z] Command:       C:\Program Files\nodejs\node.exe C:\Users\Sohel Datta\AppData\Roaming\npm\node_modules\firebase-tools\lib\bin\firebase.js init
[debug] [2024-01-01T22:13:37.700Z] CLI Version:   13.0.2
[debug] [2024-01-01T22:13:37.701Z] Platform:      win32
[debug] [2024-01-01T22:13:37.701Z] Node Version:  v18.17.1
[debug] [2024-01-01T22:13:37.702Z] Time:          Tue Jan 02 2024 03:43:37 GMT+0530 (India Standard Time)
[debug] [2024-01-01T22:13:37.702Z] ----------------------------------------------------------------------
[debug] 
[debug] [2024-01-01T22:13:37.784Z] > command requires scopes: ["email","openid","https://www.googleapis.com/auth/cloudplatformprojects.readonly","https://www.googleapis.com/auth/firebase","https://www.googleapis.com/auth/cloud-platform"]
[debug] [2024-01-01T22:13:37.784Z] > authorizing via signed-in user (soheldatta17@gmail.com)
[info] 
     ######## #### ########  ######## ########     ###     ######  ########
     ##        ##  ##     ## ##       ##     ##  ##   ##  ##       ##
     ######    ##  ########  ######   ########  #########  ######  ######
     ##        ##  ##    ##  ##       ##     ## ##     ##       ## ##
     ##       #### ##     ## ######## ########  ##     ##  ######  ########

You're about to initialize a Firebase project in this directory:

  C:\Users\Sohel Datta\OneDrive\Documents\react-firebase

Before we get started, keep in mind:

  * You are initializing within an existing Firebase project directory

[info] 
=== Project Setup
[info] 
[info] First, let's associate this project directory with a Firebase project.
[info] You can create multiple project aliases by running firebase use --add, 
[info] but for now we'll just set up a default project.
[info] 
[debug] [2024-01-01T22:13:45.543Z] Using project from CLI flag: fir-course-c2fc5
[debug] [2024-01-01T22:13:45.544Z] > refreshing access token with scopes: []
[debug] [2024-01-01T22:13:45.546Z] >>> [apiv2][query] POST https://www.googleapis.com/oauth2/v3/token [none]
[debug] [2024-01-01T22:13:45.547Z] >>> [apiv2][body] POST https://www.googleapis.com/oauth2/v3/token [omitted]
[debug] [2024-01-01T22:13:45.859Z] <<< [apiv2][status] POST https://www.googleapis.com/oauth2/v3/token 200
[debug] [2024-01-01T22:13:45.860Z] <<< [apiv2][body] POST https://www.googleapis.com/oauth2/v3/token [omitted]
[debug] [2024-01-01T22:13:45.867Z] >>> [apiv2][query] GET https://firebase.googleapis.com/v1beta1/projects/fir-course-c2fc5 [none]
[debug] [2024-01-01T22:13:46.550Z] <<< [apiv2][status] GET https://firebase.googleapis.com/v1beta1/projects/fir-course-c2fc5 200
[debug] [2024-01-01T22:13:46.551Z] <<< [apiv2][body] GET https://firebase.googleapis.com/v1beta1/projects/fir-course-c2fc5 {"projectId":"fir-course-c2fc5","projectNumber":"3294033420","displayName":"firebase-course","name":"projects/fir-course-c2fc5","resources":{"hostingSite":"fir-course-c2fc5","storageBucket":"fir-course-c2fc5.appspot.com","locationId":"asia-south1"},"state":"ACTIVE","etag":"1_90ed8f98-004b-4699-8984-04638b7a206f"}
[info] i  Using project fir-course-c2fc5 (firebase-course) 
[info] 
=== Hosting:github Setup
[info] 
[info] i  Detected a .git folder at C:\Users\Sohel Datta\OneDrive\Documents\react-firebase 
[info] i  Authorizing with GitHub to upload your service account to a GitHub repository's secrets store. 
[info] 
[info] Visit this URL on this device to log in:
[info] https://github.com/login/oauth/authorize?client_id=89cf50f02ac6aaed3484&state=689510111&redirect_uri=http%3A%2F%2Flocalhost%3A9005&scope=read%3Auser%20repo%20public_repo
[info] 
[info] Waiting for authentication...
[debug] [2024-01-01T22:13:47.405Z] >>> [apiv2][query] POST https://github.com/login/oauth/access_token [none]
[debug] [2024-01-01T22:13:47.405Z] >>> [apiv2][body] POST https://github.com/login/oauth/access_token [stream]
[debug] [2024-01-01T22:13:47.834Z] <<< [apiv2][status] POST https://github.com/login/oauth/access_token 200
[debug] [2024-01-01T22:13:47.834Z] <<< [apiv2][body] POST https://github.com/login/oauth/access_token {"access_token":"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","token_type":"bearer","scope":"read:user,repo"}
[debug] [2024-01-01T22:13:47.841Z] >>> [apiv2][query] GET https://api.github.com/user [none]
[debug] [2024-01-01T22:13:48.291Z] <<< [apiv2][status] GET https://api.github.com/user 200
[debug] [2024-01-01T22:13:48.291Z] <<< [apiv2][body] GET https://api.github.com/user {"login":"soheldatta17","id":113031588,"node_id":"U_kgDOBry5pA","avatar_url":"https://avatars.githubusercontent.com/u/113031588?v=4","gravatar_id":"","url":"https://api.github.com/users/soheldatta17","html_url":"https://github.com/soheldatta17","followers_url":"https://api.github.com/users/soheldatta17/followers","following_url":"https://api.github.com/users/soheldatta17/following{/other_user}","gists_url":"https://api.github.com/users/soheldatta17/gists{/gist_id}","starred_url":"https://api.github.com/users/soheldatta17/starred{/owner}{/repo}","subscriptions_url":"https://api.github.com/users/soheldatta17/subscriptions","organizations_url":"https://api.github.com/users/soheldatta17/orgs","repos_url":"https://api.github.com/users/soheldatta17/repos","events_url":"https://api.github.com/users/soheldatta17/events{/privacy}","received_events_url":"https://api.github.com/users/soheldatta17/received_events","type":"User","site_admin":false,"name":"Sohel Datta","company":null,"blog":"","location":"KOLKATA, INDIA","email":"soheldatta17@gmail.com","hireable":null,"bio":null,"twitter_username":null,"public_repos":52,"public_gists":0,"followers":0,"following":0,"created_at":"2022-09-07T12:25:15Z","updated_at":"2023-12-13T16:47:33Z","private_gists":0,"total_private_repos":18,"owned_private_repos":18,"disk_usage":59298,"collaborators":2,"two_factor_authentication":true,"plan":{"name":"free","space":976562499,"collaborators":0,"private_repos":10000}}
[info] 
[info] +  Success! Logged into GitHub as soheldatta17 
[info] 
